0 info it worked if it ends with ok
1 verbose cli [ '/Users/jockperkins/.nvm/versions/node/v5.11.1/bin/node',
1 verbose cli   '/Users/jockperkins/.nvm/versions/node/v5.11.1/bin/npm',
1 verbose cli   'run',
1 verbose cli   'dev' ]
2 info using npm@3.8.6
3 info using node@v5.11.1
4 verbose run-script [ 'predev', 'dev', 'postdev' ]
5 info lifecycle jocksite@1.0.0~predev: jocksite@1.0.0
6 silly lifecycle jocksite@1.0.0~predev: no script for predev, continuing
7 info lifecycle jocksite@1.0.0~dev: jocksite@1.0.0
8 verbose lifecycle jocksite@1.0.0~dev: unsafe-perm in lifecycle true
9 verbose lifecycle jocksite@1.0.0~dev: PATH: /Users/jockperkins/.nvm/versions/node/v5.11.1/lib/node_modules/npm/bin/node-gyp-bin:/Users/jockperkins/stuff/jocksite/node_modules/.bin:/Users/jockperkins/.nvm/versions/node/v5.11.1/bin:/Users/jockperkins/.nvm/versions/node/v5.11.1/bin:/usr/local/opt/php@7.1/sbin:/usr/local/opt/php@7.1/bin:/usr/local/bin:/usr/bin:/bin:/usr/sbin:/sbin
10 verbose lifecycle jocksite@1.0.0~dev: CWD: /Users/jockperkins/stuff/jocksite
11 silly lifecycle jocksite@1.0.0~dev: Args: [ '-c', 'next' ]
12 silly lifecycle jocksite@1.0.0~dev: Returned: code: 1  signal: null
13 info lifecycle jocksite@1.0.0~dev: Failed to exec dev script
14 verbose stack Error: jocksite@1.0.0 dev: `next`
14 verbose stack Exit status 1
14 verbose stack     at EventEmitter.<anonymous> (/Users/jockperkins/.nvm/versions/node/v5.11.1/lib/node_modules/npm/lib/utils/lifecycle.js:239:16)
14 verbose stack     at emitTwo (events.js:100:13)
14 verbose stack     at EventEmitter.emit (events.js:185:7)
14 verbose stack     at ChildProcess.<anonymous> (/Users/jockperkins/.nvm/versions/node/v5.11.1/lib/node_modules/npm/lib/utils/spawn.js:24:14)
14 verbose stack     at emitTwo (events.js:100:13)
14 verbose stack     at ChildProcess.emit (events.js:185:7)
14 verbose stack     at maybeClose (internal/child_process.js:850:16)
14 verbose stack     at Process.ChildProcess._handle.onexit (internal/child_process.js:215:5)
15 verbose pkgid jocksite@1.0.0
16 verbose cwd /Users/jockperkins/stuff/jocksite
17 error Darwin 18.6.0
18 error argv "/Users/jockperkins/.nvm/versions/node/v5.11.1/bin/node" "/Users/jockperkins/.nvm/versions/node/v5.11.1/bin/npm" "run" "dev"
19 error node v5.11.1
20 error npm  v3.8.6
21 error code ELIFECYCLE
22 error jocksite@1.0.0 dev: `next`
22 error Exit status 1
23 error Failed at the jocksite@1.0.0 dev script 'next'.
23 error Make sure you have the latest version of node.js and npm installed.
23 error If you do, this is most likely a problem with the jocksite package,
23 error not with npm itself.
23 error Tell the author that this fails on your system:
23 error     next
23 error You can get information on how to open an issue for this project with:
23 error     npm bugs jocksite
23 error Or if that isn't available, you can get their info via:
23 error     npm owner ls jocksite
23 error There is likely additional logging output above.
24 verbose exit [ 1, true ]
